0 verbose cli /usr/bin/node /usr/bin/npm
1 info using npm@11.1.0
2 info using node@v23.8.0
3 silly config load:file:/usr/lib/node_modules/npm/npmrc
4 silly config load:file:/home/aboud/personal/quartz/.npmrc
5 silly config load:file:/home/aboud/.config/npm/npmrc
6 silly config load:file:/etc/npmrc
7 verbose title npm install
8 verbose argv "install"
9 verbose logfile logs-max:10 dir:/home/aboud/personal/quartz/${XDG_STATE_HOME}/npm/logs/2025-02-24T13_41_07_623Z-
10 verbose logfile /home/aboud/personal/quartz/${XDG_STATE_HOME}/npm/logs/2025-02-24T13_41_07_623Z-debug-0.log
11 silly logfile done cleaning log files
12 silly packumentCache heap:4345298944 maxSize:1086324736 maxEntrySize:543162368
13 silly idealTree buildDeps
14 verbose shrinkwrap failed to load node_modules/.package-lock.json out of date, updated: node_modules
15 silly reify moves {}
16 silly audit bulk request {
16 silly audit   '@asamuzakjp/dom-selector': [ '2.0.2' ],
16 silly audit   '@bufbuild/protobuf': [ '2.2.0' ],
16 silly audit   '@citation-js/core': [ '0.7.14' ],
16 silly audit   '@citation-js/date': [ '0.5.1' ],
16 silly audit   '@citation-js/name': [ '0.4.2' ],
16 silly audit   '@citation-js/plugin-bibjson': [ '0.7.14' ],
16 silly audit   '@citation-js/plugin-bibtex': [ '0.7.14' ],
16 silly audit   '@citation-js/plugin-csl': [ '0.7.14' ],
16 silly audit   '@clack/core': [ '0.4.1' ],
16 silly audit   '@clack/prompts': [ '0.10.0' ],
16 silly audit   '@emnapi/runtime': [ '1.3.1' ],
16 silly audit   '@esbuild/aix-ppc64': [ '0.25.0', '0.23.0' ],
16 silly audit   '@esbuild/android-arm': [ '0.25.0', '0.23.0' ],
16 silly audit   '@esbuild/android-arm64': [ '0.25.0', '0.23.0' ],
16 silly audit   '@esbuild/android-x64': [ '0.25.0', '0.23.0' ],
16 silly audit   '@esbuild/darwin-arm64': [ '0.25.0', '0.23.0' ],
16 silly audit   '@esbuild/darwin-x64': [ '0.25.0', '0.23.0' ],
16 silly audit   '@esbuild/freebsd-arm64': [ '0.25.0', '0.23.0' ],
16 silly audit   '@esbuild/freebsd-x64': [ '0.25.0', '0.23.0' ],
16 silly audit   '@esbuild/linux-arm': [ '0.25.0', '0.23.0' ],
16 silly audit   '@esbuild/linux-arm64': [ '0.25.0', '0.23.0' ],
16 silly audit   '@esbuild/linux-ia32': [ '0.25.0', '0.23.0' ],
16 silly audit   '@esbuild/linux-loong64': [ '0.25.0', '0.23.0' ],
16 silly audit   '@esbuild/linux-mips64el': [ '0.25.0', '0.23.0' ],
16 silly audit   '@esbuild/linux-ppc64': [ '0.25.0', '0.23.0' ],
16 silly audit   '@esbuild/linux-riscv64': [ '0.25.0', '0.23.0' ],
16 silly audit   '@esbuild/linux-s390x': [ '0.25.0', '0.23.0' ],
16 silly audit   '@esbuild/linux-x64': [ '0.25.0', '0.23.0' ],
16 silly audit   '@esbuild/netbsd-arm64': [ '0.25.0' ],
16 silly audit   '@esbuild/netbsd-x64': [ '0.25.0', '0.23.0' ],
16 silly audit   '@esbuild/openbsd-arm64': [ '0.23.0', '0.25.0' ],
16 silly audit   '@esbuild/openbsd-x64': [ '0.25.0', '0.23.0' ],
16 silly audit   '@esbuild/sunos-x64': [ '0.25.0', '0.23.0' ],
16 silly audit   '@esbuild/win32-arm64': [ '0.25.0', '0.23.0' ],
16 silly audit   '@esbuild/win32-ia32': [ '0.25.0', '0.23.0' ],
16 silly audit   '@esbuild/win32-x64': [ '0.25.0', '0.23.0' ],
16 silly audit   '@floating-ui/core': [ '1.6.0' ],
16 silly audit   '@floating-ui/dom': [ '1.6.13' ],
16 silly audit   '@floating-ui/utils': [ '0.2.9' ],
16 silly audit   '@img/sharp-darwin-arm64': [ '0.33.5' ],
16 silly audit   '@img/sharp-darwin-x64': [ '0.33.5' ],
16 silly audit   '@img/sharp-libvips-darwin-arm64': [ '1.0.4' ],
16 silly audit   '@img/sharp-libvips-darwin-x64': [ '1.0.4' ],
16 silly audit   '@img/sharp-libvips-linux-arm': [ '1.0.5' ],
16 silly audit   '@img/sharp-libvips-linux-arm64': [ '1.0.4' ],
16 silly audit   '@img/sharp-libvips-linux-s390x': [ '1.0.4' ],
16 silly audit   '@img/sharp-libvips-linux-x64': [ '1.0.4' ],
16 silly audit   '@img/sharp-libvips-linuxmusl-arm64': [ '1.0.4' ],
16 silly audit   '@img/sharp-libvips-linuxmusl-x64': [ '1.0.4' ],
16 silly audit   '@img/sharp-linux-arm': [ '0.33.5' ],
16 silly audit   '@img/sharp-linux-arm64': [ '0.33.5' ],
16 silly audit   '@img/sharp-linux-s390x': [ '0.33.5' ],
16 silly audit   '@img/sharp-linux-x64': [ '0.33.5' ],
16 silly audit   '@img/sharp-linuxmusl-arm64': [ '0.33.5' ],
16 silly audit   '@img/sharp-linuxmusl-x64': [ '0.33.5' ],
16 silly audit   '@img/sharp-wasm32': [ '0.33.5' ],
16 silly audit   '@img/sharp-win32-ia32': [ '0.33.5' ],
16 silly audit   '@img/sharp-win32-x64': [ '0.33.5' ],
16 silly audit   '@isaacs/cliui': [ '8.0.2' ],
16 silly audit   '@myriaddreamin/rehype-typst': [ '0.5.4' ],
16 silly audit   '@myriaddreamin/typst-ts-node-compiler': [ '0.5.4' ],
16 silly audit   '@myriaddreamin/typst-ts-node-compiler-android-arm-eabi': [ '0.5.4' ],
16 silly audit   '@myriaddreamin/typst-ts-node-compiler-android-arm64': [ '0.5.4' ],
16 silly audit   '@myriaddreamin/typst-ts-node-compiler-darwin-arm64': [ '0.5.4' ],
16 silly audit   '@myriaddreamin/typst-ts-node-compiler-darwin-x64': [ '0.5.4' ],
16 silly audit   '@myriaddreamin/typst-ts-node-compiler-linux-arm-gnueabihf': [ '0.5.4' ],
16 silly audit   '@myriaddreamin/typst-ts-node-compiler-linux-arm64-gnu': [ '0.5.4' ],
16 silly audit   '@myriaddreamin/typst-ts-node-compiler-linux-arm64-musl': [ '0.5.4' ],
16 silly audit   '@myriaddreamin/typst-ts-node-compiler-linux-x64-gnu': [ '0.5.4' ],
16 silly audit   '@myriaddreamin/typst-ts-node-compiler-linux-x64-musl': [ '0.5.4' ],
16 silly audit   '@myriaddreamin/typst-ts-node-compiler-win32-arm64-msvc': [ '0.5.4' ],
16 silly audit   '@myriaddreamin/typst-ts-node-compiler-win32-x64-msvc': [ '0.5.4' ],
16 silly audit   '@napi-rs/simple-git': [ '0.1.19' ],
16 silly audit   '@napi-rs/simple-git-android-arm-eabi': [ '0.1.19' ],
16 silly audit   '@napi-rs/simple-git-android-arm64': [ '0.1.19' ],
16 silly audit   '@napi-rs/simple-git-darwin-arm64': [ '0.1.19' ],
16 silly audit   '@napi-rs/simple-git-darwin-x64': [ '0.1.19' ],
16 silly audit   '@napi-rs/simple-git-freebsd-x64': [ '0.1.19' ],
16 silly audit   '@napi-rs/simple-git-linux-arm-gnueabihf': [ '0.1.19' ],
16 silly audit   '@napi-rs/simple-git-linux-arm64-gnu': [ '0.1.19' ],
16 silly audit   '@napi-rs/simple-git-linux-arm64-musl': [ '0.1.19' ],
16 silly audit   '@napi-rs/simple-git-linux-powerpc64le-gnu': [ '0.1.19' ],
16 silly audit   '@napi-rs/simple-git-linux-s390x-gnu': [ '0.1.19' ],
16 silly audit   '@napi-rs/simple-git-linux-x64-gnu': [ '0.1.19' ],
16 silly audit   '@napi-rs/simple-git-linux-x64-musl': [ '0.1.19' ],
16 silly audit   '@napi-rs/simple-git-win32-arm64-msvc': [ '0.1.19' ],
16 silly audit   '@napi-rs/simple-git-win32-x64-msvc': [ '0.1.19' ],
16 silly audit   '@nodelib/fs.scandir': [ '2.1.5' ],
16 silly audit   '@nodelib/fs.stat': [ '2.0.5' ],
16 silly audit   '@nodelib/fs.walk': [ '1.2.8' ],
16 silly audit   '@pixi/colord': [ '2.9.6' ],
16 silly audit   '@pkgjs/parseargs': [ '0.11.0' ],
16 silly audit   '@shikijs/core': [ '1.26.2' ],
16 silly audit   '@shikijs/engine-javascript': [ '1.26.2' ],
16 silly audit   '@shikijs/engine-oniguruma': [ '1.26.2' ],
16 silly audit   '@shikijs/langs': [ '1.26.2' ],
16 silly audit   '@shikijs/themes': [ '1.26.2' ],
16 silly audit   '@shikijs/types': [ '1.26.2' ],
16 silly audit   '@shikijs/vscode-textmate': [ '10.0.1' ],
16 silly audit   '@shuding/opentype.js': [ '1.4.0-beta.0' ],
16 silly audit   '@sindresorhus/merge-streams': [ '2.3.0' ],
16 silly audit   '@tweenjs/tween.js': [ '25.0.0' ],
16 silly audit   '@types/cli-spinner': [ '0.2.3' ],
16 silly audit   '@types/css-font-loading-module': [ '0.0.12' ],
16 silly audit   '@types/d3': [ '7.4.3' ],
16 silly audit   '@types/d3-array': [ '3.0.5' ],
16 silly audit   '@types/d3-axis': [ '3.0.2' ],
16 silly audit   '@types/d3-brush': [ '3.0.2' ],
16 silly audit   '@types/d3-chord': [ '3.0.2' ],
16 silly audit   '@types/d3-color': [ '3.1.0' ],
16 silly audit   '@types/d3-contour': [ '3.0.2' ],
16 silly audit   '@types/d3-delaunay': [ '6.0.1' ],
16 silly audit   '@types/d3-dispatch': [ '3.0.2' ],
16 silly audit   '@types/d3-drag': [ '3.0.2' ],
16 silly audit   '@types/d3-dsv': [ '3.0.1' ],
16 silly audit   '@types/d3-ease': [ '3.0.0' ],
16 silly audit   '@types/d3-fetch': [ '3.0.2' ],
16 silly audit   '@types/d3-force': [ '3.0.4' ],
16 silly audit   '@types/d3-format': [ '3.0.1' ],
16 silly audit   '@types/d3-geo': [ '3.0.3' ],
16 silly audit   '@types/d3-hierarchy': [ '3.1.2' ],
16 silly audit   '@types/d3-interpolate': [ '3.0.1' ],
16 silly audit   '@types/d3-path': [ '3.0.0' ],
16 silly audit   '@types/d3-polygon': [ '3.0.0' ],
16 silly audit   '@types/d3-quadtree': [ '3.0.2' ],
16 silly audit   '@types/d3-random': [ '3.0.1' ],
16 silly audit   '@types/d3-scale': [ '4.0.3' ],
16 silly audit   '@types/d3-scale-chromatic': [ '3.0.0' ],
16 silly audit   '@types/d3-selection': [ '3.0.5' ],
16 silly audit   '@types/d3-shape': [ '3.1.1' ],
16 silly audit   '@types/d3-time': [ '3.0.0' ],
16 silly audit   '@types/d3-time-format': [ '4.0.0' ],
16 silly audit   '@types/d3-timer': [ '3.0.0' ],
16 silly audit   '@types/d3-transition': [ '3.0.3' ],
16 silly audit   '@types/d3-zoom': [ '3.0.3' ],
16 silly audit   '@types/debug': [ '4.1.12' ],
16 silly audit   '@types/earcut': [ '2.1.4' ],
16 silly audit   '@types/estree': [ '1.0.5' ],
16 silly audit   '@types/estree-jsx': [ '1.0.3' ],
16 silly audit   '@types/geojson': [ '7946.0.10' ],
16 silly audit   '@types/hast': [ '3.0.4' ],
16 silly audit   '@types/js-yaml': [ '4.0.9' ],
16 silly audit   '@types/katex': [ '0.16.7' ],
16 silly audit   '@types/mathjax': [ '0.0.40' ],
16 silly audit   '@types/mdast': [ '4.0.3' ],
16 silly audit   '@types/ms': [ '0.7.34' ],
16 silly audit   '@types/nlcst': [ '2.0.3' ],
16 silly audit   '@types/node': [ '22.13.1' ],
16 silly audit   '@types/pretty-time': [ '1.1.5' ],
16 silly audit   '@types/source-map-support': [ '0.5.10' ],
16 silly audit   '@types/unist': [ '2.0.6', '3.0.2', '3.0.3' ],
16 silly audit   '@types/ws': [ '8.5.14' ],
16 silly audit   '@types/yargs': [ '17.0.33' ],
16 silly audit   '@types/yargs-parser': [ '21.0.0' ],
16 silly audit   '@ungap/structured-clone': [ '1.2.0' ],
16 silly audit   '@webgpu/types': [ '0.1.44' ],
16 silly audit   '@xmldom/xmldom': [ '0.8.10' ],
16 silly audit   'agent-base': [ '7.1.0' ],
16 silly audit   'ansi-regex': [ '6.0.1', '5.0.1' ],
16 silly audit   'ansi-styles': [ '4.3.0', '6.2.1' ],
16 silly audit   argparse: [ '2.0.1', '1.0.10' ],
16 silly audit   'array-iterate': [ '2.0.1' ],
16 silly audit   'async-mutex': [ '0.5.0' ],
16 silly audit   asynckit: [ '0.4.0' ],
16 silly audit   bail: [ '2.0.2' ],
16 silly audit   'balanced-match': [ '1.0.2' ],
16 silly audit   'base64-js': [ '1.5.1', '0.0.8' ],
16 silly audit   'bidi-js': [ '1.0.3' ],
16 silly audit   'brace-expansion': [ '2.0.1', '1.1.11' ],
16 silly audit   braces: [ '3.0.3' ],
16 silly audit   buffer: [ '5.7.1' ],
16 silly audit   'buffer-builder': [ '0.2.0' ],
16 silly audit   'buffer-from': [ '1.1.2' ],
16 silly audit   bytes: [ '3.0.0' ],
16 silly audit   camelize: [ '1.0.1' ],
16 silly audit   ccount: [ '2.0.1' ],
16 silly audit   chalk: [ '5.4.1' ],
16 silly audit   'character-entities': [ '2.0.2' ],
16 silly audit   'character-entities-html4': [ '2.1.0' ],
16 silly audit   'character-entities-legacy': [ '3.0.0' ],
16 silly audit   'character-reference-invalid': [ '2.0.1' ],
16 silly audit   chokidar: [ '4.0.3' ],
16 silly audit   citeproc: [ '2.4.63' ],
16 silly audit   'cli-spinner': [ '0.2.10' ],
16 silly audit   cliui: [ '8.0.1' ],
16 silly audit   'emoji-regex': [ '8.0.0', '9.2.2', '10.4.0' ],
16 silly audit   'string-width': [ '4.2.3', '5.1.2' ],
16 silly audit   'strip-ansi': [ '6.0.1', '7.1.0' ],
16 silly audit   'wrap-ansi': [ '7.0.0', '8.1.0' ],
16 silly audit   color: [ '4.2.3' ],
16 silly audit   'color-convert': [ '2.0.1' ],
16 silly audit   'color-name': [ '1.1.4' ],
16 silly audit   'color-string': [ '1.9.1' ],
16 silly audit   'colorjs.io': [ '0.5.2' ],
16 silly audit   'combined-stream': [ '1.0.8' ],
16 silly audit   'comma-separated-tokens': [ '2.0.3' ],
16 silly audit   commander: [ '7.2.0', '8.3.0', '9.2.0' ],
16 silly audit   'concat-map': [ '0.0.1' ],
16 silly audit   'content-disposition': [ '0.5.2' ],
16 silly audit   'cross-fetch': [ '4.0.0' ],
16 silly audit   'cross-spawn': [ '7.0.6' ],
16 silly audit   'css-background-parser': [ '0.1.0' ],
16 silly audit   'css-box-shadow': [ '1.0.0-3' ],
16 silly audit   'css-color-keywords': [ '1.0.0' ],
16 silly audit   'css-gradient-parser': [ '0.0.16' ],
16 silly audit   'css-to-react-native': [ '3.2.0' ],
16 silly audit   'css-tree': [ '2.3.1' ],
16 silly audit   cssstyle: [ '4.0.1' ],
16 silly audit   d3: [ '7.9.0' ],
16 silly audit   'd3-array': [ '3.2.4' ],
16 silly audit   'd3-axis': [ '3.0.0' ],
16 silly audit   'd3-brush': [ '3.0.0' ],
16 silly audit   'd3-chord': [ '3.0.1' ],
16 silly audit   'd3-color': [ '3.1.0' ],
16 silly audit   'd3-contour': [ '4.0.2' ],
16 silly audit   'd3-delaunay': [ '6.0.4' ],
16 silly audit   'd3-dispatch': [ '3.0.1' ],
16 silly audit   'd3-drag': [ '3.0.0' ],
16 silly audit   'd3-dsv': [ '3.0.1' ],
16 silly audit   'd3-ease': [ '3.0.1' ],
16 silly audit   'd3-fetch': [ '3.0.1' ],
16 silly audit   'd3-force': [ '3.0.0' ],
16 silly audit   'd3-format': [ '3.1.0' ],
16 silly audit   'd3-geo': [ '3.1.0' ],
16 silly audit   'd3-hierarchy': [ '3.1.2' ],
16 silly audit   'd3-interpolate': [ '3.0.1' ],
16 silly audit   'd3-path': [ '3.1.0' ],
16 silly audit   'd3-polygon': [ '3.0.1' ],
16 silly audit   'd3-quadtree': [ '3.0.1' ],
16 silly audit   'd3-random': [ '3.0.1' ],
16 silly audit   'd3-scale': [ '4.0.2' ],
16 silly audit   'd3-scale-chromatic': [ '3.0.0' ],
16 silly audit   'd3-selection': [ '3.0.0' ],
16 silly audit   'd3-shape': [ '3.2.0' ],
16 silly audit   'd3-time': [ '3.1.0' ],
16 silly audit   'd3-time-format': [ '4.1.0' ],
16 silly audit   'd3-timer': [ '3.0.1' ],
16 silly audit   'd3-transition': [ '3.0.1' ],
16 silly audit   'd3-zoom': [ '3.0.0' ],
16 silly audit   'data-urls': [ '5.0.0' ],
16 silly audit   debug: [ '4.3.7' ],
16 silly audit   'decimal.js': [ '10.4.3' ],
16 silly audit   'decode-named-character-reference': [ '1.0.2' ],
16 silly audit   delaunator: [ '5.0.0' ],
16 silly audit   'delayed-stream': [ '1.0.0' ],
16 silly audit   dequal: [ '2.0.3' ],
16 silly audit   'detect-libc': [ '1.0.3', '2.0.3' ],
16 silly audit   devlop: [ '1.1.0' ],
16 silly audit   earcut: [ '2.2.4' ],
16 silly audit   eastasianwidth: [ '0.2.0' ],
16 silly audit   'emoji-regex-xs': [ '1.0.0' ],
16 silly audit   entities: [ '4.5.0' ],
16 silly audit   esbuild: [ '0.25.0', '0.23.0' ],
16 silly audit   'esbuild-sass-plugin': [ '3.3.1' ],
16 silly audit   escalade: [ '3.1.1' ],
16 silly audit   'escape-html': [ '1.0.3' ],
16 silly audit   'escape-string-regexp': [ '5.0.0' ],
16 silly audit   esm: [ '3.2.25' ],
16 silly audit   esprima: [ '4.0.1' ],
16 silly audit   'estree-util-is-identifier-name': [ '3.0.0' ],
16 silly audit   eventemitter3: [ '5.0.1' ],
16 silly audit   extend: [ '3.0.2' ],
16 silly audit   'extend-shallow': [ '2.0.1' ],
16 silly audit   'fast-glob': [ '3.3.3' ],
16 silly audit   fastq: [ '1.19.0' ],
16 silly audit   fault: [ '2.0.1' ],
16 silly audit   'fetch-ponyfill': [ '7.1.0' ],
16 silly audit   'node-fetch': [ '2.6.13', '2.7.0' ],
16 silly audit   tr46: [ '0.0.3', '5.0.0' ],
16 silly audit   'webidl-conversions': [ '3.0.1', '7.0.0' ],
16 silly audit   'whatwg-url': [ '5.0.0', '14.0.0' ],
16 silly audit   fflate: [ '0.7.4' ],
16 silly audit   'fill-range': [ '7.1.1' ],
16 silly audit   flexsearch: [ '0.7.43' ],
16 silly audit   'foreground-child': [ '3.2.1' ],
16 silly audit   'form-data': [ '4.0.0' ],
16 silly audit   format: [ '0.2.2' ],
16 silly audit   fsevents: [ '2.3.3' ],
16 silly audit   'function-bind': [ '1.1.2' ],
16 silly audit   'get-caller-file': [ '2.0.5' ],
16 silly audit   'get-tsconfig': [ '4.7.5' ],
16 silly audit   'github-slugger': [ '2.0.0' ],
16 silly audit   glob: [ '11.0.0' ],
16 silly audit   'glob-parent': [ '5.1.2' ],
16 silly audit   globby: [ '14.1.0' ],
16 silly audit   'gray-matter': [ '4.0.3' ],
16 silly audit   'js-yaml': [ '3.14.1', '4.1.0' ],
16 silly audit   'has-flag': [ '4.0.0' ],
16 silly audit   hasown: [ '2.0.0' ],
16 silly audit   'hast-util-from-dom': [ '5.0.0' ],
16 silly audit   'hast-util-from-html': [ '2.0.1' ],
16 silly audit   'hast-util-from-html-isomorphic': [ '2.0.0' ],
16 silly audit   'unist-util-stringify-position': [ '4.0.0' ],
16 silly audit   'vfile-message': [ '4.0.2' ],
16 silly audit   'hast-util-from-parse5': [ '8.0.1' ],
16 silly audit   'hast-util-heading-rank': [ '3.0.0' ],
16 silly audit   'hast-util-is-element': [ '3.0.0' ],
16 silly audit   'hast-util-parse-selector': [ '4.0.0' ],
16 silly audit   'hast-util-raw': [ '9.0.1' ],
16 silly audit   'hast-util-to-html': [ '9.0.4' ],
16 silly audit   'hast-util-to-jsx-runtime': [ '2.3.2' ],
16 silly audit   'hast-util-to-parse5': [ '8.0.0' ],
16 silly audit   'hast-util-to-string': [ '3.0.1' ],
16 silly audit   'hast-util-to-text': [ '4.0.0' ],
16 silly audit   'hast-util-whitespace': [ '3.0.0' ],
16 silly audit   hastscript: [ '8.0.0' ],
16 silly audit   'hex-rgb': [ '4.3.0' ],
16 silly audit   'html-encoding-sniffer': [ '4.0.0' ],
16 silly audit   'html-void-elements': [ '3.0.0' ],
16 silly audit   'http-proxy-agent': [ '7.0.0' ],
16 silly audit   'https-proxy-agent': [ '7.0.2' ],
16 silly audit   'iconv-lite': [ '0.6.3' ],
16 silly audit   ieee754: [ '1.2.1' ],
16 silly audit   ignore: [ '7.0.3' ],
16 silly audit   immutable: [ '4.3.7' ],
16 silly audit   'inline-style-parser': [ '0.2.2' ],
16 silly audit   internmap: [ '2.0.3' ],
16 silly audit   'is-absolute-url': [ '4.0.1' ],
16 silly audit   'is-alphabetical': [ '2.0.1' ],
16 silly audit   'is-alphanumerical': [ '2.0.1' ],
16 silly audit   'is-arrayish': [ '0.3.2' ],
16 silly audit   'is-core-module': [ '2.13.1' ],
16 silly audit   'is-decimal': [ '2.0.1' ],
16 silly audit   'is-extendable': [ '0.1.1' ],
16 silly audit   'is-extglob': [ '2.1.1' ],
16 silly audit   'is-fullwidth-code-point': [ '3.0.0' ],
16 silly audit   'is-glob': [ '4.0.3' ],
16 silly audit   'is-hexadecimal': [ '2.0.1' ],
16 silly audit   'is-number': [ '7.0.0' ],
16 silly audit   'is-plain-obj': [ '4.1.0' ],
16 silly audit   'is-potential-custom-element-name': [ '1.0.1' ],
16 silly audit   isexe: [ '2.0.0' ],
16 silly audit   ismobilejs: [ '1.1.1' ],
16 silly audit   jackspeak: [ '4.0.1' ],
16 silly audit   jsdom: [ '23.2.0' ],
16 silly audit   katex: [ '0.16.21' ],
16 silly audit   'kind-of': [ '6.0.3' ],
16 silly audit   lightningcss: [ '1.29.1' ],
16 silly audit   'lightningcss-darwin-arm64': [ '1.29.1' ],
16 silly audit   'lightningcss-darwin-x64': [ '1.29.1' ],
16 silly audit   'lightningcss-freebsd-x64': [ '1.29.1' ],
16 silly audit   'lightningcss-linux-arm-gnueabihf': [ '1.29.1' ],
16 silly audit   'lightningcss-linux-arm64-gnu': [ '1.29.1' ],
16 silly audit   'lightningcss-linux-arm64-musl': [ '1.29.1' ],
16 silly audit   'lightningcss-linux-x64-gnu': [ '1.29.1' ],
16 silly audit   'lightningcss-linux-x64-musl': [ '1.29.1' ],
16 silly audit   'lightningcss-win32-arm64-msvc': [ '1.29.1' ],
16 silly audit   'lightningcss-win32-x64-msvc': [ '1.29.1' ],
16 silly audit   linebreak: [ '1.1.0' ],
16 silly audit   'longest-streak': [ '3.1.0' ],
16 silly audit   'lru-cache': [ '11.0.0' ],
16 silly audit   'markdown-table': [ '3.0.3' ],
16 silly audit   'mathjax-full': [ '3.2.2' ],
16 silly audit   'mdast-util-find-and-replace': [ '3.0.2' ],
16 silly audit   'mdast-util-from-markdown': [ '2.0.0' ],
16 silly audit   'mdast-util-frontmatter': [ '2.0.1' ],
16 silly audit   'mdast-util-gfm': [ '3.0.0' ],
16 silly audit   'mdast-util-gfm-autolink-literal': [ '2.0.0' ],
16 silly audit   'mdast-util-gfm-footnote': [ '2.0.0' ],
16 silly audit   'mdast-util-gfm-strikethrough': [ '2.0.0' ],
16 silly audit   'mdast-util-gfm-table': [ '2.0.0' ],
16 silly audit   'mdast-util-gfm-task-list-item': [ '2.0.0' ],
16 silly audit   'mdast-util-math': [ '3.0.0' ],
16 silly audit   'mdast-util-mdx-expression': [ '2.0.0' ],
16 silly audit   'mdast-util-mdx-jsx': [ '3.0.0' ],
16 silly audit   'mdast-util-mdxjs-esm': [ '2.0.1' ],
16 silly audit   'mdast-util-newline-to-break': [ '2.0.0' ],
16 silly audit   'mdast-util-phrasing': [ '4.0.0' ],
16 silly audit   'mdast-util-to-hast': [ '13.2.0' ],
16 silly audit   'mdast-util-to-markdown': [ '2.1.0' ],
16 silly audit   'mdast-util-to-string': [ '4.0.0' ],
16 silly audit   'mdn-data': [ '2.0.30' ],
16 silly audit   merge2: [ '1.4.1' ],
16 silly audit   mhchemparser: [ '4.2.1' ],
16 silly audit   micromark: [ '4.0.0' ],
16 silly audit   'micromark-core-commonmark': [ '2.0.0' ],
16 silly audit   'micromark-extension-frontmatter': [ '2.0.0' ],
16 silly audit   'micromark-extension-gfm': [ '3.0.0' ],
16 silly audit   'micromark-extension-gfm-autolink-literal': [ '2.0.0' ],
16 silly audit   'micromark-extension-gfm-footnote': [ '2.0.0' ],
16 silly audit   'micromark-extension-gfm-strikethrough': [ '2.0.0' ],
16 silly audit   'micromark-extension-gfm-table': [ '2.0.0' ],
16 silly audit   'micromark-extension-gfm-tagfilter': [ '2.0.0' ],
16 silly audit   'micromark-extension-gfm-task-list-item': [ '2.0.1' ],
16 silly audit   'micromark-extension-math': [ '3.0.0' ],
16 silly audit   'micromark-factory-destination': [ '2.0.0' ],
16 silly audit   'micromark-factory-label': [ '2.0.0' ],
16 silly audit   'micromark-factory-space': [ '2.0.0' ],
16 silly audit   'micromark-factory-title': [ '2.0.0' ],
16 silly audit   'micromark-factory-whitespace': [ '2.0.0' ],
16 silly audit   'micromark-util-character': [ '2.0.1' ],
16 silly audit   'micromark-util-chunked': [ '2.0.0' ],
16 silly audit   'micromark-util-classify-character': [ '2.0.0' ],
16 silly audit   'micromark-util-combine-extensions': [ '2.0.0' ],
16 silly audit   'micromark-util-decode-numeric-character-reference': [ '2.0.1' ],
16 silly audit   'micromark-util-decode-string': [ '2.0.0' ],
16 silly audit   'micromark-util-encode': [ '2.0.0' ],
16 silly audit   'micromark-util-html-tag-name': [ '2.0.0' ],
16 silly audit   'micromark-util-normalize-identifier': [ '2.0.0' ],
16 silly audit   'micromark-util-resolve-all': [ '2.0.0' ],
16 silly audit   'micromark-util-sanitize-uri': [ '2.0.0' ],
16 silly audit   'micromark-util-subtokenize': [ '2.0.0' ],
16 silly audit   'micromark-util-symbol': [ '2.0.0' ],
16 silly audit   'micromark-util-types': [ '2.0.0' ],
16 silly audit   micromatch: [ '4.0.8' ],
16 silly audit   micromorph: [ '0.4.5' ],
16 silly audit   'mime-db': [ '1.33.0' ],
16 silly audit   'mime-types': [ '2.1.18' ],
16 silly audit   minimatch: [ '10.0.1', '3.1.2' ],
16 silly audit   minipass: [ '7.1.2' ],
16 silly audit   'mj-context-menu': [ '0.6.1' ],
16 silly audit   moo: [ '0.5.2' ],
16 silly audit   ms: [ '2.1.3' ],
16 silly audit   'nlcst-to-string': [ '4.0.0' ],
16 silly audit   'oniguruma-to-es': [ '1.0.0' ],
16 silly audit   'package-json-from-dist': [ '1.0.0' ],
16 silly audit   pako: [ '0.2.9' ],
16 silly audit   'parse-css-color': [ '0.2.1' ],
16 silly audit   'parse-entities': [ '4.0.1' ],
16 silly audit   'parse-latin': [ '7.0.0' ],
16 silly audit   'parse-numeric-range': [ '1.3.0' ],
16 silly audit   'parse-svg-path': [ '0.1.2' ],
16 silly audit   parse5: [ '7.1.2' ],
16 silly audit   'path-is-inside': [ '1.0.2' ],
16 silly audit   'path-key': [ '3.1.1' ],
16 silly audit   'path-parse': [ '1.0.7' ],
16 silly audit   'path-scurry': [ '2.0.0' ],
16 silly audit   'path-to-regexp': [ '3.3.0' ],
16 silly audit   'path-type': [ '6.0.0' ],
16 silly audit   picocolors: [ '1.1.1' ],
16 silly audit   picomatch: [ '2.3.1' ],
16 silly audit   'pixi.js': [ '8.7.3' ],
16 silly audit   'postcss-value-parser': [ '4.2.0' ],
16 silly audit   preact: [ '10.25.4' ],
16 silly audit   'preact-render-to-string': [ '6.5.13' ],
16 silly audit   prettier: [ '3.5.0' ],
16 silly audit   'pretty-bytes': [ '6.1.1' ],
16 silly audit   'pretty-time': [ '1.1.0' ],
16 silly audit   'property-information': [ '6.2.0' ],
16 silly audit   psl: [ '1.9.0' ],
16 silly audit   querystringify: [ '2.2.0' ],
16 silly audit   'queue-microtask': [ '1.2.3' ],
16 silly audit   'range-parser': [ '1.2.0' ],
16 silly audit   readdirp: [ '4.0.2' ],
16 silly audit   'reading-time': [ '1.5.0' ],
16 silly audit   regex: [ '5.1.1' ],
16 silly audit   'regex-recursion': [ '5.1.1' ],
16 silly audit   'regex-utilities': [ '2.3.0' ],
16 silly audit   'rehype-autolink-headings': [ '7.1.0' ],
16 silly audit   'rehype-citation': [ '2.2.2' ],
16 silly audit   'rehype-katex': [ '7.0.1' ],
16 silly audit   'rehype-mathjax': [ '6.0.0' ],
16 silly audit   'rehype-parse': [ '9.0.0' ],
16 silly audit   'rehype-pretty-code': [ '0.14.0' ],
16 silly audit   'rehype-raw': [ '7.0.0' ],
16 silly audit   'rehype-slug': [ '6.0.0' ],
16 silly audit   remark: [ '15.0.1' ],
16 silly audit   'remark-breaks': [ '4.0.0' ],
16 silly audit   'remark-frontmatter': [ '5.0.0' ],
16 silly audit   'remark-gfm': [ '4.0.1' ],
16 silly audit   'remark-math': [ '6.0.0' ],
16 silly audit   'remark-parse': [ '11.0.0' ],
16 silly audit   'remark-rehype': [ '11.1.1' ],
16 silly audit   'remark-smartypants': [ '3.0.2' ],
16 silly audit   'remark-stringify': [ '11.0.0' ],
16 silly audit   'require-directory': [ '2.1.1' ],
16 silly audit   'require-from-string': [ '2.0.2' ],
16 silly audit   'requires-port': [ '1.0.0' ],
16 silly audit   resolve: [ '1.22.8' ],
16 silly audit   'resolve-pkg-maps': [ '1.0.0' ],
16 silly audit   retext: [ '9.0.0' ],
16 silly audit   'retext-latin': [ '4.0.0' ],
16 silly audit   'retext-smartypants': [ '6.1.0' ],
16 silly audit   'retext-stringify': [ '4.0.0' ],
16 silly audit   reusify: [ '1.0.4' ],
16 silly audit   rfdc: [ '1.4.1' ],
16 silly audit   rimraf: [ '6.0.1' ],
16 silly audit   'robust-predicates': [ '3.0.2' ],
16 silly audit   'rrweb-cssom': [ '0.6.0' ],
16 silly audit   'run-parallel': [ '1.2.0' ],
16 silly audit   rw: [ '1.3.3' ],
16 silly audit   rxjs: [ '7.8.1' ],
16 silly audit   'safe-identifier': [ '0.4.2' ],
16 silly audit   'safer-buffer': [ '2.1.2' ],
16 silly audit   sass: [ '1.79.4' ],
16 silly audit   'sass-embedded': [ '1.79.4' ],
16 silly audit   'sass-embedded-android-arm': [ '1.79.4' ],
16 silly audit   'sass-embedded-android-arm64': [ '1.79.4' ],
16 silly audit   'sass-embedded-android-ia32': [ '1.79.4' ],
16 silly audit   'sass-embedded-android-riscv64': [ '1.79.4' ],
16 silly audit   'sass-embedded-android-x64': [ '1.79.4' ],
16 silly audit   'sass-embedded-darwin-arm64': [ '1.79.4' ],
16 silly audit   'sass-embedded-darwin-x64': [ '1.79.4' ],
16 silly audit   'sass-embedded-linux-arm': [ '1.79.4' ],
16 silly audit   'sass-embedded-linux-arm64': [ '1.79.4' ],
16 silly audit   'sass-embedded-linux-ia32': [ '1.79.4' ],
16 silly audit   'sass-embedded-linux-musl-arm': [ '1.79.4' ],
16 silly audit   'sass-embedded-linux-musl-arm64': [ '1.79.4' ],
16 silly audit   'sass-embedded-linux-musl-ia32': [ '1.79.4' ],
16 silly audit   'sass-embedded-linux-musl-riscv64': [ '1.79.4' ],
16 silly audit   'sass-embedded-linux-musl-x64': [ '1.79.4' ],
16 silly audit   'sass-embedded-linux-riscv64': [ '1.79.4' ],
16 silly audit   'sass-embedded-linux-x64': [ '1.79.4' ],
16 silly audit   'sass-embedded-win32-arm64': [ '1.79.4' ],
16 silly audit   'sass-embedded-win32-ia32': [ '1.79.4' ],
16 silly audit   'sass-embedded-win32-x64': [ '1.79.4' ],
16 silly audit   satori: [ '0.12.1' ],
16 silly audit   saxes: [ '6.0.0' ],
16 silly audit   'section-matter': [ '1.0.0' ],
16 silly audit   semver: [ '7.6.3' ],
16 silly audit   'serve-handler': [ '6.1.6' ],
16 silly audit   sharp: [ '0.33.5' ],
16 silly audit   'shebang-command': [ '2.0.0' ],
16 silly audit   'shebang-regex': [ '3.0.0' ],
16 silly audit   shiki: [ '1.26.2' ],
16 silly audit   'signal-exit': [ '4.1.0' ],
16 silly audit   'simple-swizzle': [ '0.2.2' ],
16 silly audit   sisteransi: [ '1.0.5' ],
16 silly audit   slash: [ '5.1.0' ],
16 silly audit   'source-map': [ '0.6.1' ],
16 silly audit   'source-map-js': [ '1.0.2' ],
16 silly audit   'source-map-support': [ '0.5.21' ],
16 silly audit   'space-separated-tokens': [ '2.0.2' ],
16 silly audit   'speech-rule-engine': [ '4.0.7' ],
16 silly audit   'sprintf-js': [ '1.0.3' ],
16 silly audit   'string.prototype.codepointat': [ '0.2.1' ],
16 silly audit   'stringify-entities': [ '4.0.3' ],
16 silly audit   'strip-bom-string': [ '1.0.0' ],
16 silly audit   'style-to-object': [ '1.0.5' ],
16 silly audit   'supports-color': [ '8.1.1' ],
16 silly audit   'supports-preserve-symlinks-flag': [ '1.0.0' ],
16 silly audit   'symbol-tree': [ '3.2.4' ],
16 silly audit   'sync-fetch': [ '0.4.5' ],
16 silly audit   'tiny-inflate': [ '1.0.3' ],
16 silly audit   'to-regex-range': [ '5.0.1' ],
16 silly audit   'to-vfile': [ '8.0.0' ],
16 silly audit   toml: [ '3.0.0' ],
16 silly audit   'tough-cookie': [ '4.1.3' ],
16 silly audit   punycode: [ '2.3.1' ],
16 silly audit   'trim-lines': [ '3.0.1' ],
16 silly audit   trough: [ '2.1.0' ],
16 silly audit   tslib: [ '2.6.2' ],
16 silly audit   tsx: [ '4.19.2' ],
16 silly audit   typescript: [ '5.7.3' ],
16 silly audit   'undici-types': [ '6.20.0' ],
16 silly audit   'unicode-trie': [ '2.0.0' ],
16 silly audit   'unicorn-magic': [ '0.3.0' ],
16 silly audit   unified: [ '11.0.5' ],
16 silly audit   'unist-util-find-after': [ '5.0.0' ],
16 silly audit   'unist-util-is': [ '6.0.0' ],
16 silly audit   'unist-util-modify-children': [ '4.0.0' ],
16 silly audit   'unist-util-position': [ '5.0.0' ],
16 silly audit   'unist-util-remove-position': [ '5.0.0' ],
16 silly audit   'unist-util-visit': [ '5.0.0' ],
16 silly audit   'unist-util-visit-children': [ '3.0.0' ],
16 silly audit   'unist-util-visit-parents': [ '6.0.1' ],
16 silly audit   universalify: [ '0.2.0' ],
16 silly audit   'url-parse': [ '1.5.10' ],
16 silly audit   varint: [ '6.0.0' ],
16 silly audit   vfile: [ '6.0.3' ],
16 silly audit   'vfile-location': [ '5.0.2' ],
16 silly audit   'w3c-xmlserializer': [ '5.0.0' ],
16 silly audit   'web-namespaces': [ '2.0.1' ],
16 silly audit   'whatwg-encoding': [ '3.1.1' ],
16 silly audit   'whatwg-mimetype': [ '4.0.0' ],
16 silly audit   which: [ '2.0.2' ],
16 silly audit   'wicked-good-xpath': [ '1.3.0' ],
16 silly audit   workerpool: [ '9.2.0' ],
16 silly audit   ws: [ '8.18.0' ],
16 silly audit   'xml-name-validator': [ '5.0.0' ],
16 silly audit   xmlchars: [ '2.2.0' ],
16 silly audit   'xmldom-sre': [ '0.1.31' ],
16 silly audit   y18n: [ '5.0.8' ],
16 silly audit   yargs: [ '17.7.2' ],
16 silly audit   'yargs-parser': [ '21.1.1' ],
16 silly audit   'yoga-wasm-web': [ '0.3.3' ],
16 silly audit   zwitch: [ '2.0.4' ]
16 silly audit }
17 verbose reify failed optional dependency /home/aboud/personal/quartz/node_modules/sass-embedded-win32-ia32
18 silly reify mark deleted [ '/home/aboud/personal/quartz/node_modules/sass-embedded-win32-ia32' ]
19 verbose reify failed optional dependency /home/aboud/personal/quartz/node_modules/sass-embedded-win32-arm64
20 silly reify mark deleted [
20 silly reify   '/home/aboud/personal/quartz/node_modules/sass-embedded-win32-arm64'
20 silly reify ]
21 verbose reify failed optional dependency /home/aboud/personal/quartz/node_modules/sass-embedded-linux-riscv64
22 silly reify mark deleted [
22 silly reify   '/home/aboud/personal/quartz/node_modules/sass-embedded-linux-riscv64'
22 silly reify ]
23 verbose reify failed optional dependency /home/aboud/personal/quartz/node_modules/sass-embedded-linux-musl-riscv64
24 silly reify mark deleted [
24 silly reify   '/home/aboud/personal/quartz/node_modules/sass-embedded-linux-musl-riscv64'
24 silly reify ]
25 verbose reify failed optional dependency /home/aboud/personal/quartz/node_modules/sass-embedded-linux-musl-ia32
26 silly reify mark deleted [
26 silly reify   '/home/aboud/personal/quartz/node_modules/sass-embedded-linux-musl-ia32'
26 silly reify ]
27 verbose reify failed optional dependency /home/aboud/personal/quartz/node_modules/sass-embedded-linux-musl-arm64
28 silly reify mark deleted [
28 silly reify   '/home/aboud/personal/quartz/node_modules/sass-embedded-linux-musl-arm64'
28 silly reify ]
29 verbose reify failed optional dependency /home/aboud/personal/quartz/node_modules/sass-embedded-linux-musl-arm
30 silly reify mark deleted [
30 silly reify   '/home/aboud/personal/quartz/node_modules/sass-embedded-linux-musl-arm'
30 silly reify ]
31 verbose reify failed optional dependency /home/aboud/personal/quartz/node_modules/sass-embedded-linux-ia32
32 silly reify mark deleted [ '/home/aboud/personal/quartz/node_modules/sass-embedded-linux-ia32' ]
33 verbose reify failed optional dependency /home/aboud/personal/quartz/node_modules/sass-embedded-linux-arm64
34 silly reify mark deleted [
34 silly reify   '/home/aboud/personal/quartz/node_modules/sass-embedded-linux-arm64'
34 silly reify ]
35 verbose reify failed optional dependency /home/aboud/personal/quartz/node_modules/sass-embedded-linux-arm
36 silly reify mark deleted [ '/home/aboud/personal/quartz/node_modules/sass-embedded-linux-arm' ]
37 verbose reify failed optional dependency /home/aboud/personal/quartz/node_modules/sass-embedded-darwin-x64
38 silly reify mark deleted [ '/home/aboud/personal/quartz/node_modules/sass-embedded-darwin-x64' ]
39 verbose reify failed optional dependency /home/aboud/personal/quartz/node_modules/sass-embedded-darwin-arm64
40 silly reify mark deleted [
40 silly reify   '/home/aboud/personal/quartz/node_modules/sass-embedded-darwin-arm64'
40 silly reify ]
41 verbose reify failed optional dependency /home/aboud/personal/quartz/node_modules/sass-embedded-android-x64
42 silly reify mark deleted [
42 silly reify   '/home/aboud/personal/quartz/node_modules/sass-embedded-android-x64'
42 silly reify ]
43 verbose reify failed optional dependency /home/aboud/personal/quartz/node_modules/sass-embedded-android-riscv64
44 silly reify mark deleted [
44 silly reify   '/home/aboud/personal/quartz/node_modules/sass-embedded-android-riscv64'
44 silly reify ]
45 verbose reify failed optional dependency /home/aboud/personal/quartz/node_modules/sass-embedded-android-ia32
46 silly reify mark deleted [
46 silly reify   '/home/aboud/personal/quartz/node_modules/sass-embedded-android-ia32'
46 silly reify ]
47 verbose reify failed optional dependency /home/aboud/personal/quartz/node_modules/sass-embedded-android-arm64
48 silly reify mark deleted [
48 silly reify   '/home/aboud/personal/quartz/node_modules/sass-embedded-android-arm64'
48 silly reify ]
49 verbose reify failed optional dependency /home/aboud/personal/quartz/node_modules/sass-embedded-android-arm
50 silly reify mark deleted [
50 silly reify   '/home/aboud/personal/quartz/node_modules/sass-embedded-android-arm'
50 silly reify ]
51 verbose reify failed optional dependency /home/aboud/personal/quartz/node_modules/lightningcss-win32-arm64-msvc
52 silly reify mark deleted [
52 silly reify   '/home/aboud/personal/quartz/node_modules/lightningcss-win32-arm64-msvc'
52 silly reify ]
53 verbose reify failed optional dependency /home/aboud/personal/quartz/node_modules/lightningcss-linux-arm64-musl
54 silly reify mark deleted [
54 silly reify   '/home/aboud/personal/quartz/node_modules/lightningcss-linux-arm64-musl'
54 silly reify ]
55 verbose reify failed optional dependency /home/aboud/personal/quartz/node_modules/lightningcss-linux-arm64-gnu
56 silly reify mark deleted [
56 silly reify   '/home/aboud/personal/quartz/node_modules/lightningcss-linux-arm64-gnu'
56 silly reify ]
57 verbose reify failed optional dependency /home/aboud/personal/quartz/node_modules/lightningcss-linux-arm-gnueabihf
58 silly reify mark deleted [
58 silly reify   '/home/aboud/personal/quartz/node_modules/lightningcss-linux-arm-gnueabihf'
58 silly reify ]
59 verbose reify failed optional dependency /home/aboud/personal/quartz/node_modules/lightningcss-freebsd-x64
60 silly reify mark deleted [ '/home/aboud/personal/quartz/node_modules/lightningcss-freebsd-x64' ]
61 verbose reify failed optional dependency /home/aboud/personal/quartz/node_modules/lightningcss-darwin-x64
62 silly reify mark deleted [ '/home/aboud/personal/quartz/node_modules/lightningcss-darwin-x64' ]
63 verbose reify failed optional dependency /home/aboud/personal/quartz/node_modules/lightningcss-darwin-arm64
64 silly reify mark deleted [
64 silly reify   '/home/aboud/personal/quartz/node_modules/lightningcss-darwin-arm64'
64 silly reify ]
65 verbose reify failed optional dependency /home/aboud/personal/quartz/node_modules/fsevents
66 silly reify mark deleted [ '/home/aboud/personal/quartz/node_modules/fsevents' ]
67 verbose reify failed optional dependency /home/aboud/personal/quartz/node_modules/@napi-rs/simple-git-win32-arm64-msvc
68 silly reify mark deleted [
68 silly reify   '/home/aboud/personal/quartz/node_modules/@napi-rs/simple-git-win32-arm64-msvc'
68 silly reify ]
69 verbose reify failed optional dependency /home/aboud/personal/quartz/node_modules/@napi-rs/simple-git-linux-s390x-gnu
70 silly reify mark deleted [
70 silly reify   '/home/aboud/personal/quartz/node_modules/@napi-rs/simple-git-linux-s390x-gnu'
70 silly reify ]
71 verbose reify failed optional dependency /home/aboud/personal/quartz/node_modules/@napi-rs/simple-git-linux-powerpc64le-gnu
72 silly reify mark deleted [
72 silly reify   '/home/aboud/personal/quartz/node_modules/@napi-rs/simple-git-linux-powerpc64le-gnu'
72 silly reify ]
73 verbose reify failed optional dependency /home/aboud/personal/quartz/node_modules/@napi-rs/simple-git-linux-arm64-musl
74 silly reify mark deleted [
74 silly reify   '/home/aboud/personal/quartz/node_modules/@napi-rs/simple-git-linux-arm64-musl'
74 silly reify ]
75 verbose reify failed optional dependency /home/aboud/personal/quartz/node_modules/@napi-rs/simple-git-linux-arm64-gnu
76 silly reify mark deleted [
76 silly reify   '/home/aboud/personal/quartz/node_modules/@napi-rs/simple-git-linux-arm64-gnu'
76 silly reify ]
77 verbose reify failed optional dependency /home/aboud/personal/quartz/node_modules/@napi-rs/simple-git-linux-arm-gnueabihf
78 silly reify mark deleted [
78 silly reify   '/home/aboud/personal/quartz/node_modules/@napi-rs/simple-git-linux-arm-gnueabihf'
78 silly reify ]
79 verbose reify failed optional dependency /home/aboud/personal/quartz/node_modules/@napi-rs/simple-git-freebsd-x64
80 silly reify mark deleted [
80 silly reify   '/home/aboud/personal/quartz/node_modules/@napi-rs/simple-git-freebsd-x64'
80 silly reify ]
81 verbose reify failed optional dependency /home/aboud/personal/quartz/node_modules/@napi-rs/simple-git-darwin-x64
82 silly reify mark deleted [
82 silly reify   '/home/aboud/personal/quartz/node_modules/@napi-rs/simple-git-darwin-x64'
82 silly reify ]
83 verbose reify failed optional dependency /home/aboud/personal/quartz/node_modules/@napi-rs/simple-git-darwin-arm64
84 silly reify mark deleted [
84 silly reify   '/home/aboud/personal/quartz/node_modules/@napi-rs/simple-git-darwin-arm64'
84 silly reify ]
85 verbose reify failed optional dependency /home/aboud/personal/quartz/node_modules/@napi-rs/simple-git-android-arm64
86 silly reify mark deleted [
86 silly reify   '/home/aboud/personal/quartz/node_modules/@napi-rs/simple-git-android-arm64'
86 silly reify ]
87 verbose reify failed optional dependency /home/aboud/personal/quartz/node_modules/@napi-rs/simple-git-android-arm-eabi
88 silly reify mark deleted [
88 silly reify   '/home/aboud/personal/quartz/node_modules/@napi-rs/simple-git-android-arm-eabi'
88 silly reify ]
89 verbose reify failed optional dependency /home/aboud/personal/quartz/node_modules/@myriaddreamin/typst-ts-node-compiler-win32-arm64-msvc
90 silly reify mark deleted [
90 silly reify   '/home/aboud/personal/quartz/node_modules/@myriaddreamin/typst-ts-node-compiler-win32-arm64-msvc'
90 silly reify ]
91 verbose reify failed optional dependency /home/aboud/personal/quartz/node_modules/@myriaddreamin/typst-ts-node-compiler-linux-arm64-musl
92 silly reify mark deleted [
92 silly reify   '/home/aboud/personal/quartz/node_modules/@myriaddreamin/typst-ts-node-compiler-linux-arm64-musl'
92 silly reify ]
93 verbose reify failed optional dependency /home/aboud/personal/quartz/node_modules/@myriaddreamin/typst-ts-node-compiler-linux-arm64-gnu
94 silly reify mark deleted [
94 silly reify   '/home/aboud/personal/quartz/node_modules/@myriaddreamin/typst-ts-node-compiler-linux-arm64-gnu'
94 silly reify ]
95 verbose reify failed optional dependency /home/aboud/personal/quartz/node_modules/@myriaddreamin/typst-ts-node-compiler-linux-arm-gnueabihf
96 silly reify mark deleted [
96 silly reify   '/home/aboud/personal/quartz/node_modules/@myriaddreamin/typst-ts-node-compiler-linux-arm-gnueabihf'
96 silly reify ]
97 verbose reify failed optional dependency /home/aboud/personal/quartz/node_modules/@myriaddreamin/typst-ts-node-compiler-darwin-x64
98 silly reify mark deleted [
98 silly reify   '/home/aboud/personal/quartz/node_modules/@myriaddreamin/typst-ts-node-compiler-darwin-x64'
98 silly reify ]
99 verbose reify failed optional dependency /home/aboud/personal/quartz/node_modules/@myriaddreamin/typst-ts-node-compiler-darwin-arm64
100 silly reify mark deleted [
100 silly reify   '/home/aboud/personal/quartz/node_modules/@myriaddreamin/typst-ts-node-compiler-darwin-arm64'
100 silly reify ]
101 verbose reify failed optional dependency /home/aboud/personal/quartz/node_modules/@myriaddreamin/typst-ts-node-compiler-android-arm64
102 silly reify mark deleted [
102 silly reify   '/home/aboud/personal/quartz/node_modules/@myriaddreamin/typst-ts-node-compiler-android-arm64'
102 silly reify ]
103 verbose reify failed optional dependency /home/aboud/personal/quartz/node_modules/@myriaddreamin/typst-ts-node-compiler-android-arm-eabi
104 silly reify mark deleted [
104 silly reify   '/home/aboud/personal/quartz/node_modules/@myriaddreamin/typst-ts-node-compiler-android-arm-eabi'
104 silly reify ]
105 verbose reify failed optional dependency /home/aboud/personal/quartz/node_modules/@img/sharp-win32-ia32
106 silly reify mark deleted [ '/home/aboud/personal/quartz/node_modules/@img/sharp-win32-ia32' ]
107 verbose reify failed optional dependency /home/aboud/personal/quartz/node_modules/@img/sharp-wasm32
108 silly reify mark deleted [ '/home/aboud/personal/quartz/node_modules/@img/sharp-wasm32' ]
109 verbose reify failed optional dependency /home/aboud/personal/quartz/node_modules/@emnapi/runtime
110 silly reify mark deleted [ '/home/aboud/personal/quartz/node_modules/@emnapi/runtime' ]
111 verbose reify failed optional dependency /home/aboud/personal/quartz/node_modules/@img/sharp-linuxmusl-arm64
112 silly reify mark deleted [
112 silly reify   '/home/aboud/personal/quartz/node_modules/@img/sharp-linuxmusl-arm64'
112 silly reify ]
113 verbose reify failed optional dependency /home/aboud/personal/quartz/node_modules/@img/sharp-linux-s390x
114 silly reify mark deleted [ '/home/aboud/personal/quartz/node_modules/@img/sharp-linux-s390x' ]
115 verbose reify failed optional dependency /home/aboud/personal/quartz/node_modules/@img/sharp-linux-arm64
116 silly reify mark deleted [ '/home/aboud/personal/quartz/node_modules/@img/sharp-linux-arm64' ]
117 verbose reify failed optional dependency /home/aboud/personal/quartz/node_modules/@img/sharp-linux-arm
118 silly reify mark deleted [ '/home/aboud/personal/quartz/node_modules/@img/sharp-linux-arm' ]
119 verbose reify failed optional dependency /home/aboud/personal/quartz/node_modules/@img/sharp-libvips-linuxmusl-arm64
120 silly reify mark deleted [
120 silly reify   '/home/aboud/personal/quartz/node_modules/@img/sharp-libvips-linuxmusl-arm64'
120 silly reify ]
121 verbose reify failed optional dependency /home/aboud/personal/quartz/node_modules/@img/sharp-libvips-linux-s390x
122 silly reify mark deleted [
122 silly reify   '/home/aboud/personal/quartz/node_modules/@img/sharp-libvips-linux-s390x'
122 silly reify ]
123 verbose reify failed optional dependency /home/aboud/personal/quartz/node_modules/@img/sharp-libvips-linux-arm64
124 silly reify mark deleted [
124 silly reify   '/home/aboud/personal/quartz/node_modules/@img/sharp-libvips-linux-arm64'
124 silly reify ]
125 verbose reify failed optional dependency /home/aboud/personal/quartz/node_modules/@img/sharp-libvips-linux-arm
126 silly reify mark deleted [
126 silly reify   '/home/aboud/personal/quartz/node_modules/@img/sharp-libvips-linux-arm'
126 silly reify ]
127 verbose reify failed optional dependency /home/aboud/personal/quartz/node_modules/@img/sharp-libvips-darwin-x64
128 silly reify mark deleted [
128 silly reify   '/home/aboud/personal/quartz/node_modules/@img/sharp-libvips-darwin-x64'
128 silly reify ]
129 verbose reify failed optional dependency /home/aboud/personal/quartz/node_modules/@img/sharp-libvips-darwin-arm64
130 silly reify mark deleted [
130 silly reify   '/home/aboud/personal/quartz/node_modules/@img/sharp-libvips-darwin-arm64'
130 silly reify ]
131 verbose reify failed optional dependency /home/aboud/personal/quartz/node_modules/@img/sharp-darwin-x64
132 silly reify mark deleted [ '/home/aboud/personal/quartz/node_modules/@img/sharp-darwin-x64' ]
133 verbose reify failed optional dependency /home/aboud/personal/quartz/node_modules/@img/sharp-darwin-arm64
134 silly reify mark deleted [ '/home/aboud/personal/quartz/node_modules/@img/sharp-darwin-arm64' ]
135 verbose reify failed optional dependency /home/aboud/personal/quartz/node_modules/@esbuild/win32-ia32
136 silly reify mark deleted [ '/home/aboud/personal/quartz/node_modules/@esbuild/win32-ia32' ]
137 verbose reify failed optional dependency /home/aboud/personal/quartz/node_modules/@esbuild/win32-arm64
138 silly reify mark deleted [ '/home/aboud/personal/quartz/node_modules/@esbuild/win32-arm64' ]
139 verbose reify failed optional dependency /home/aboud/personal/quartz/node_modules/@esbuild/sunos-x64
140 silly reify mark deleted [ '/home/aboud/personal/quartz/node_modules/@esbuild/sunos-x64' ]
141 verbose reify failed optional dependency /home/aboud/personal/quartz/node_modules/@esbuild/openbsd-x64
142 silly reify mark deleted [ '/home/aboud/personal/quartz/node_modules/@esbuild/openbsd-x64' ]
143 verbose reify failed optional dependency /home/aboud/personal/quartz/node_modules/@esbuild/openbsd-arm64
144 silly reify mark deleted [ '/home/aboud/personal/quartz/node_modules/@esbuild/openbsd-arm64' ]
145 verbose reify failed optional dependency /home/aboud/personal/quartz/node_modules/@esbuild/netbsd-x64
146 silly reify mark deleted [ '/home/aboud/personal/quartz/node_modules/@esbuild/netbsd-x64' ]
147 verbose reify failed optional dependency /home/aboud/personal/quartz/node_modules/@esbuild/netbsd-arm64
148 silly reify mark deleted [ '/home/aboud/personal/quartz/node_modules/@esbuild/netbsd-arm64' ]
149 verbose reify failed optional dependency /home/aboud/personal/quartz/node_modules/@esbuild/linux-s390x
150 silly reify mark deleted [ '/home/aboud/personal/quartz/node_modules/@esbuild/linux-s390x' ]
151 verbose reify failed optional dependency /home/aboud/personal/quartz/node_modules/@esbuild/linux-riscv64
152 silly reify mark deleted [ '/home/aboud/personal/quartz/node_modules/@esbuild/linux-riscv64' ]
153 verbose reify failed optional dependency /home/aboud/personal/quartz/node_modules/@esbuild/linux-ppc64
154 silly reify mark deleted [ '/home/aboud/personal/quartz/node_modules/@esbuild/linux-ppc64' ]
155 verbose reify failed optional dependency /home/aboud/personal/quartz/node_modules/@esbuild/linux-mips64el
156 silly reify mark deleted [ '/home/aboud/personal/quartz/node_modules/@esbuild/linux-mips64el' ]
157 verbose reify failed optional dependency /home/aboud/personal/quartz/node_modules/@esbuild/linux-loong64
158 silly reify mark deleted [ '/home/aboud/personal/quartz/node_modules/@esbuild/linux-loong64' ]
159 verbose reify failed optional dependency /home/aboud/personal/quartz/node_modules/@esbuild/linux-ia32
160 silly reify mark deleted [ '/home/aboud/personal/quartz/node_modules/@esbuild/linux-ia32' ]
161 verbose reify failed optional dependency /home/aboud/personal/quartz/node_modules/@esbuild/linux-arm64
162 silly reify mark deleted [ '/home/aboud/personal/quartz/node_modules/@esbuild/linux-arm64' ]
163 verbose reify failed optional dependency /home/aboud/personal/quartz/node_modules/@esbuild/linux-arm
164 silly reify mark deleted [ '/home/aboud/personal/quartz/node_modules/@esbuild/linux-arm' ]
165 verbose reify failed optional dependency /home/aboud/personal/quartz/node_modules/@esbuild/freebsd-x64
166 silly reify mark deleted [ '/home/aboud/personal/quartz/node_modules/@esbuild/freebsd-x64' ]
167 verbose reify failed optional dependency /home/aboud/personal/quartz/node_modules/@esbuild/freebsd-arm64
168 silly reify mark deleted [ '/home/aboud/personal/quartz/node_modules/@esbuild/freebsd-arm64' ]
169 verbose reify failed optional dependency /home/aboud/personal/quartz/node_modules/@esbuild/darwin-x64
170 silly reify mark deleted [ '/home/aboud/personal/quartz/node_modules/@esbuild/darwin-x64' ]
171 verbose reify failed optional dependency /home/aboud/personal/quartz/node_modules/@esbuild/darwin-arm64
172 silly reify mark deleted [ '/home/aboud/personal/quartz/node_modules/@esbuild/darwin-arm64' ]
173 verbose reify failed optional dependency /home/aboud/personal/quartz/node_modules/@esbuild/android-x64
174 silly reify mark deleted [ '/home/aboud/personal/quartz/node_modules/@esbuild/android-x64' ]
175 verbose reify failed optional dependency /home/aboud/personal/quartz/node_modules/@esbuild/android-arm64
176 silly reify mark deleted [ '/home/aboud/personal/quartz/node_modules/@esbuild/android-arm64' ]
177 verbose reify failed optional dependency /home/aboud/personal/quartz/node_modules/@esbuild/android-arm
178 silly reify mark deleted [ '/home/aboud/personal/quartz/node_modules/@esbuild/android-arm' ]
179 verbose reify failed optional dependency /home/aboud/personal/quartz/node_modules/@esbuild/aix-ppc64
180 silly reify mark deleted [ '/home/aboud/personal/quartz/node_modules/@esbuild/aix-ppc64' ]
181 verbose reify failed optional dependency /home/aboud/personal/quartz/node_modules/tsx/node_modules/@esbuild/win32-ia32
182 silly reify mark deleted [
182 silly reify   '/home/aboud/personal/quartz/node_modules/tsx/node_modules/@esbuild/win32-ia32'
182 silly reify ]
183 verbose reify failed optional dependency /home/aboud/personal/quartz/node_modules/tsx/node_modules/@esbuild/win32-arm64
184 silly reify mark deleted [
184 silly reify   '/home/aboud/personal/quartz/node_modules/tsx/node_modules/@esbuild/win32-arm64'
184 silly reify ]
185 verbose reify failed optional dependency /home/aboud/personal/quartz/node_modules/tsx/node_modules/@esbuild/sunos-x64
186 silly reify mark deleted [
186 silly reify   '/home/aboud/personal/quartz/node_modules/tsx/node_modules/@esbuild/sunos-x64'
186 silly reify ]
187 verbose reify failed optional dependency /home/aboud/personal/quartz/node_modules/tsx/node_modules/@esbuild/openbsd-x64
188 silly reify mark deleted [
188 silly reify   '/home/aboud/personal/quartz/node_modules/tsx/node_modules/@esbuild/openbsd-x64'
188 silly reify ]
189 verbose reify failed optional dependency /home/aboud/personal/quartz/node_modules/tsx/node_modules/@esbuild/netbsd-x64
190 silly reify mark deleted [
190 silly reify   '/home/aboud/personal/quartz/node_modules/tsx/node_modules/@esbuild/netbsd-x64'
190 silly reify ]
191 verbose reify failed optional dependency /home/aboud/personal/quartz/node_modules/tsx/node_modules/@esbuild/linux-s390x
192 silly reify mark deleted [
192 silly reify   '/home/aboud/personal/quartz/node_modules/tsx/node_modules/@esbuild/linux-s390x'
192 silly reify ]
193 verbose reify failed optional dependency /home/aboud/personal/quartz/node_modules/tsx/node_modules/@esbuild/linux-riscv64
194 silly reify mark deleted [
194 silly reify   '/home/aboud/personal/quartz/node_modules/tsx/node_modules/@esbuild/linux-riscv64'
194 silly reify ]
195 verbose reify failed optional dependency /home/aboud/personal/quartz/node_modules/tsx/node_modules/@esbuild/linux-ppc64
196 silly reify mark deleted [
196 silly reify   '/home/aboud/personal/quartz/node_modules/tsx/node_modules/@esbuild/linux-ppc64'
196 silly reify ]
197 verbose reify failed optional dependency /home/aboud/personal/quartz/node_modules/tsx/node_modules/@esbuild/linux-mips64el
198 silly reify mark deleted [
198 silly reify   '/home/aboud/personal/quartz/node_modules/tsx/node_modules/@esbuild/linux-mips64el'
198 silly reify ]
199 verbose reify failed optional dependency /home/aboud/personal/quartz/node_modules/tsx/node_modules/@esbuild/linux-loong64
200 silly reify mark deleted [
200 silly reify   '/home/aboud/personal/quartz/node_modules/tsx/node_modules/@esbuild/linux-loong64'
200 silly reify ]
201 verbose reify failed optional dependency /home/aboud/personal/quartz/node_modules/tsx/node_modules/@esbuild/linux-ia32
202 silly reify mark deleted [
202 silly reify   '/home/aboud/personal/quartz/node_modules/tsx/node_modules/@esbuild/linux-ia32'
202 silly reify ]
203 verbose reify failed optional dependency /home/aboud/personal/quartz/node_modules/tsx/node_modules/@esbuild/linux-arm64
204 silly reify mark deleted [
204 silly reify   '/home/aboud/personal/quartz/node_modules/tsx/node_modules/@esbuild/linux-arm64'
204 silly reify ]
205 verbose reify failed optional dependency /home/aboud/personal/quartz/node_modules/tsx/node_modules/@esbuild/linux-arm
206 silly reify mark deleted [
206 silly reify   '/home/aboud/personal/quartz/node_modules/tsx/node_modules/@esbuild/linux-arm'
206 silly reify ]
207 verbose reify failed optional dependency /home/aboud/personal/quartz/node_modules/tsx/node_modules/@esbuild/freebsd-x64
208 silly reify mark deleted [
208 silly reify   '/home/aboud/personal/quartz/node_modules/tsx/node_modules/@esbuild/freebsd-x64'
208 silly reify ]
209 verbose reify failed optional dependency /home/aboud/personal/quartz/node_modules/tsx/node_modules/@esbuild/freebsd-arm64
210 silly reify mark deleted [
210 silly reify   '/home/aboud/personal/quartz/node_modules/tsx/node_modules/@esbuild/freebsd-arm64'
210 silly reify ]
211 verbose reify failed optional dependency /home/aboud/personal/quartz/node_modules/tsx/node_modules/@esbuild/darwin-x64
212 silly reify mark deleted [
212 silly reify   '/home/aboud/personal/quartz/node_modules/tsx/node_modules/@esbuild/darwin-x64'
212 silly reify ]
213 verbose reify failed optional dependency /home/aboud/personal/quartz/node_modules/tsx/node_modules/@esbuild/darwin-arm64
214 silly reify mark deleted [
214 silly reify   '/home/aboud/personal/quartz/node_modules/tsx/node_modules/@esbuild/darwin-arm64'
214 silly reify ]
215 verbose reify failed optional dependency /home/aboud/personal/quartz/node_modules/tsx/node_modules/@esbuild/android-x64
216 silly reify mark deleted [
216 silly reify   '/home/aboud/personal/quartz/node_modules/tsx/node_modules/@esbuild/android-x64'
216 silly reify ]
217 verbose reify failed optional dependency /home/aboud/personal/quartz/node_modules/tsx/node_modules/@esbuild/android-arm64
218 silly reify mark deleted [
218 silly reify   '/home/aboud/personal/quartz/node_modules/tsx/node_modules/@esbuild/android-arm64'
218 silly reify ]
219 verbose reify failed optional dependency /home/aboud/personal/quartz/node_modules/tsx/node_modules/@esbuild/android-arm
220 silly reify mark deleted [
220 silly reify   '/home/aboud/personal/quartz/node_modules/tsx/node_modules/@esbuild/android-arm'
220 silly reify ]
221 verbose reify failed optional dependency /home/aboud/personal/quartz/node_modules/tsx/node_modules/@esbuild/aix-ppc64
222 silly reify mark deleted [
222 silly reify   '/home/aboud/personal/quartz/node_modules/tsx/node_modules/@esbuild/aix-ppc64'
222 silly reify ]
223 verbose reify failed optional dependency /home/aboud/personal/quartz/node_modules/esbuild/node_modules/@esbuild/openbsd-arm64
224 silly reify mark deleted [
224 silly reify   '/home/aboud/personal/quartz/node_modules/esbuild/node_modules/@esbuild/openbsd-arm64'
224 silly reify ]
225 http cache sass-embedded-linux-musl-x64@https://registry.npmjs.org/sass-embedded-linux-musl-x64/-/sass-embedded-linux-musl-x64-1.79.4.tgz 0ms (cache hit)
226 http cache sass-embedded-linux-x64@https://registry.npmjs.org/sass-embedded-linux-x64/-/sass-embedded-linux-x64-1.79.4.tgz 0ms (cache hit)
227 http cache lightningcss-linux-x64-musl@https://registry.npmjs.org/lightningcss-linux-x64-musl/-/lightningcss-linux-x64-musl-1.29.1.tgz 0ms (cache hit)
228 http cache lightningcss-linux-x64-gnu@https://registry.npmjs.org/lightningcss-linux-x64-gnu/-/lightningcss-linux-x64-gnu-1.29.1.tgz 0ms (cache hit)
229 http cache @napi-rs/simple-git-linux-x64-musl@https://registry.npmjs.org/@napi-rs/simple-git-linux-x64-musl/-/simple-git-linux-x64-musl-0.1.19.tgz 0ms (cache hit)
230 http cache @myriaddreamin/typst-ts-node-compiler-linux-x64-musl@https://registry.npmjs.org/@myriaddreamin/typst-ts-node-compiler-linux-x64-musl/-/typst-ts-node-compiler-linux-x64-musl-0.5.4.tgz 0ms (cache hit)
231 http cache @napi-rs/simple-git-linux-x64-gnu@https://registry.npmjs.org/@napi-rs/simple-git-linux-x64-gnu/-/simple-git-linux-x64-gnu-0.1.19.tgz 0ms (cache hit)
232 http cache @myriaddreamin/typst-ts-node-compiler-linux-x64-gnu@https://registry.npmjs.org/@myriaddreamin/typst-ts-node-compiler-linux-x64-gnu/-/typst-ts-node-compiler-linux-x64-gnu-0.5.4.tgz 0ms (cache hit)
233 http cache @img/sharp-linux-x64@https://registry.npmjs.org/@img/sharp-linux-x64/-/sharp-linux-x64-0.33.5.tgz 0ms (cache hit)
234 http cache @img/sharp-libvips-linuxmusl-x64@https://registry.npmjs.org/@img/sharp-libvips-linuxmusl-x64/-/sharp-libvips-linuxmusl-x64-1.0.4.tgz 0ms (cache hit)
235 http cache @img/sharp-libvips-linux-x64@https://registry.npmjs.org/@img/sharp-libvips-linux-x64/-/sharp-libvips-linux-x64-1.0.4.tgz 0ms (cache hit)
236 http cache @esbuild/linux-x64@https://registry.npmjs.org/@esbuild/linux-x64/-/linux-x64-0.25.0.tgz 0ms (cache hit)
237 http cache @img/sharp-linuxmusl-x64@https://registry.npmjs.org/@img/sharp-linuxmusl-x64/-/sharp-linuxmusl-x64-0.33.5.tgz 0ms (cache hit)
238 http cache @emnapi/runtime@https://registry.npmjs.org/@emnapi/runtime/-/runtime-1.3.1.tgz 0ms (cache hit)
239 http cache @esbuild/linux-x64@https://registry.npmjs.org/@esbuild/linux-x64/-/linux-x64-0.23.0.tgz 0ms (cache hit)
240 silly tarball no local data for sass-embedded-linux-musl-x64@https://registry.npmjs.org/sass-embedded-linux-musl-x64/-/sass-embedded-linux-musl-x64-1.79.4.tgz. Extracting by manifest.
241 silly tarball no local data for sass-embedded-linux-x64@https://registry.npmjs.org/sass-embedded-linux-x64/-/sass-embedded-linux-x64-1.79.4.tgz. Extracting by manifest.
242 silly tarball no local data for lightningcss-linux-x64-gnu@https://registry.npmjs.org/lightningcss-linux-x64-gnu/-/lightningcss-linux-x64-gnu-1.29.1.tgz. Extracting by manifest.
243 silly tarball no local data for @napi-rs/simple-git-linux-x64-musl@https://registry.npmjs.org/@napi-rs/simple-git-linux-x64-musl/-/simple-git-linux-x64-musl-0.1.19.tgz. Extracting by manifest.
244 silly tarball no local data for lightningcss-linux-x64-musl@https://registry.npmjs.org/lightningcss-linux-x64-musl/-/lightningcss-linux-x64-musl-1.29.1.tgz. Extracting by manifest.
245 silly tarball no local data for @myriaddreamin/typst-ts-node-compiler-linux-x64-musl@https://registry.npmjs.org/@myriaddreamin/typst-ts-node-compiler-linux-x64-musl/-/typst-ts-node-compiler-linux-x64-musl-0.5.4.tgz. Extracting by manifest.
246 silly tarball no local data for @napi-rs/simple-git-linux-x64-gnu@https://registry.npmjs.org/@napi-rs/simple-git-linux-x64-gnu/-/simple-git-linux-x64-gnu-0.1.19.tgz. Extracting by manifest.
247 silly tarball no local data for @myriaddreamin/typst-ts-node-compiler-linux-x64-gnu@https://registry.npmjs.org/@myriaddreamin/typst-ts-node-compiler-linux-x64-gnu/-/typst-ts-node-compiler-linux-x64-gnu-0.5.4.tgz. Extracting by manifest.
248 silly tarball no local data for @img/sharp-linux-x64@https://registry.npmjs.org/@img/sharp-linux-x64/-/sharp-linux-x64-0.33.5.tgz. Extracting by manifest.
249 silly tarball no local data for @img/sharp-libvips-linux-x64@https://registry.npmjs.org/@img/sharp-libvips-linux-x64/-/sharp-libvips-linux-x64-1.0.4.tgz. Extracting by manifest.
250 silly tarball no local data for @img/sharp-libvips-linuxmusl-x64@https://registry.npmjs.org/@img/sharp-libvips-linuxmusl-x64/-/sharp-libvips-linuxmusl-x64-1.0.4.tgz. Extracting by manifest.
251 silly tarball no local data for @esbuild/linux-x64@https://registry.npmjs.org/@esbuild/linux-x64/-/linux-x64-0.25.0.tgz. Extracting by manifest.
252 silly tarball no local data for @emnapi/runtime@https://registry.npmjs.org/@emnapi/runtime/-/runtime-1.3.1.tgz. Extracting by manifest.
253 silly tarball no local data for @esbuild/linux-x64@https://registry.npmjs.org/@esbuild/linux-x64/-/linux-x64-0.23.0.tgz. Extracting by manifest.
254 silly tarball no local data for @img/sharp-linuxmusl-x64@https://registry.npmjs.org/@img/sharp-linuxmusl-x64/-/sharp-linuxmusl-x64-0.33.5.tgz. Extracting by manifest.
255 http fetch POST 200 https://registry.npmjs.org/-/npm/v1/security/advisories/bulk 3499ms
256 silly audit report {
256 silly audit report   esbuild: [
256 silly audit report     {
256 silly audit report       id: 1102341,
256 silly audit report       url: 'https://github.com/advisories/GHSA-67mh-4wv8-2f99',
256 silly audit report       title: 'esbuild enables any website to send any requests to the development server and read the response',
256 silly audit report       severity: 'moderate',
256 silly audit report       vulnerable_versions: '<=0.24.2',
256 silly audit report       cwe: [Array],
256 silly audit report       cvss: [Object]
256 silly audit report     }
256 silly audit report   ]
256 silly audit report }
257 silly packumentCache corgi:https://registry.npmjs.org/esbuild cache-miss
258 http fetch GET 200 https://registry.npmjs.org/@img/sharp-linux-x64/-/sharp-linux-x64-0.33.5.tgz 14754ms (cache miss)
259 http fetch GET 200 https://registry.npmjs.org/@img/sharp-linuxmusl-x64/-/sharp-linuxmusl-x64-0.33.5.tgz 16253ms (cache miss)
260 verbose reify failed optional dependency /home/aboud/personal/quartz/node_modules/lightningcss-linux-x64-gnu
261 silly reify mark deleted [
261 silly reify   '/home/aboud/personal/quartz/node_modules/lightningcss-linux-x64-gnu'
261 silly reify ]
262 verbose reify failed optional dependency /home/aboud/personal/quartz/node_modules/sass-embedded-linux-musl-x64
263 silly reify mark deleted [
263 silly reify   '/home/aboud/personal/quartz/node_modules/sass-embedded-linux-musl-x64'
263 silly reify ]
264 verbose reify failed optional dependency /home/aboud/personal/quartz/node_modules/@napi-rs/simple-git-linux-x64-gnu
265 silly reify mark deleted [
265 silly reify   '/home/aboud/personal/quartz/node_modules/@napi-rs/simple-git-linux-x64-gnu'
265 silly reify ]
266 http fetch GET 200 https://registry.npmjs.org/esbuild 87466ms (cache updated)
267 silly packumentCache corgi:https://registry.npmjs.org/esbuild set size:undefined disposed:false
268 silly packumentCache corgi:https://registry.npmjs.org/tsx cache-miss
269 http fetch GET 200 https://registry.npmjs.org/tsx 2622ms (cache miss)
270 silly packumentCache corgi:https://registry.npmjs.org/tsx set size:undefined disposed:false
271 http fetch GET 200 https://registry.npmjs.org/@img/sharp-libvips-linuxmusl-x64/-/sharp-libvips-linuxmusl-x64-1.0.4.tgz 94673ms (cache miss)
272 http fetch GET 200 https://registry.npmjs.org/@img/sharp-libvips-linux-x64/-/sharp-libvips-linux-x64-1.0.4.tgz 96094ms (cache miss)
273 http fetch GET 200 https://registry.npmjs.org/@napi-rs/simple-git-linux-x64-musl/-/simple-git-linux-x64-musl-0.1.19.tgz 110142ms (cache miss)
274 http fetch GET 200 https://registry.npmjs.org/lightningcss-linux-x64-musl/-/lightningcss-linux-x64-musl-1.29.1.tgz 116029ms (cache miss)
275 http fetch GET 200 https://registry.npmjs.org/sass-embedded-linux-x64/-/sass-embedded-linux-x64-1.79.4.tgz 119886ms (cache miss)
276 http fetch GET 200 https://registry.npmjs.org/@esbuild/linux-x64/-/linux-x64-0.23.0.tgz 120607ms (cache miss)
277 http fetch GET https://registry.npmjs.org/@emnapi/runtime/-/runtime-1.3.1.tgz attempt 1 failed with ETIMEDOUT
278 http fetch GET https://registry.npmjs.org/@esbuild/linux-x64/-/linux-x64-0.25.0.tgz attempt 1 failed with ETIMEDOUT
279 http fetch GET https://registry.npmjs.org/@myriaddreamin/typst-ts-node-compiler-linux-x64-gnu/-/typst-ts-node-compiler-linux-x64-gnu-0.5.4.tgz attempt 1 failed with ETIMEDOUT
280 http fetch GET 200 https://registry.npmjs.org/@myriaddreamin/typst-ts-node-compiler-linux-x64-musl/-/typst-ts-node-compiler-linux-x64-musl-0.5.4.tgz 145965ms (cache miss)
281 http fetch GET 200 https://registry.npmjs.org/@emnapi/runtime/-/runtime-1.3.1.tgz 168947ms attempt #2 (cache miss)
282 http fetch GET 200 https://registry.npmjs.org/@esbuild/linux-x64/-/linux-x64-0.25.0.tgz 183306ms attempt #2 (cache miss)
283 http fetch GET 200 https://registry.npmjs.org/@myriaddreamin/typst-ts-node-compiler-linux-x64-gnu/-/typst-ts-node-compiler-linux-x64-gnu-0.5.4.tgz 218851ms attempt #2 (cache miss)
284 silly ADD
285 silly ADD
286 silly ADD node_modules/sass-embedded-linux-x64
287 silly ADD
288 silly ADD
289 silly ADD
290 silly ADD
291 silly ADD
292 silly ADD
293 silly ADD
294 silly ADD
295 silly ADD
296 silly ADD
297 silly ADD
298 silly ADD
299 silly ADD
300 silly ADD
301 silly ADD
302 silly ADD
303 silly ADD
304 silly ADD node_modules/lightningcss-linux-x64-musl
305 silly ADD
306 silly ADD
307 silly ADD
308 silly ADD
309 silly ADD
310 silly ADD
311 silly ADD
312 silly ADD
313 silly ADD
314 silly ADD node_modules/@napi-rs/simple-git-linux-x64-musl
315 silly ADD
316 silly ADD
317 silly ADD
318 silly ADD
319 silly ADD
320 silly ADD
321 silly ADD
322 silly ADD
323 silly ADD
324 silly ADD
325 silly ADD
326 silly ADD
327 silly ADD node_modules/@myriaddreamin/typst-ts-node-compiler-linux-x64-musl
328 silly ADD node_modules/@myriaddreamin/typst-ts-node-compiler-linux-x64-gnu
329 silly ADD
330 silly ADD
331 silly ADD
332 silly ADD
333 silly ADD
334 silly ADD
335 silly ADD
336 silly ADD
337 silly ADD
338 silly ADD node_modules/@img/sharp-linuxmusl-x64
339 silly ADD
340 silly ADD node_modules/@img/sharp-linux-x64
341 silly ADD
342 silly ADD
343 silly ADD
344 silly ADD node_modules/@img/sharp-libvips-linuxmusl-x64
345 silly ADD
346 silly ADD node_modules/@img/sharp-libvips-linux-x64
347 silly ADD
348 silly ADD
349 silly ADD
350 silly ADD
351 silly ADD
352 silly ADD
353 silly ADD
354 silly ADD
355 silly ADD
356 silly ADD
357 silly ADD
358 silly ADD
359 silly ADD
360 silly ADD
361 silly ADD node_modules/@esbuild/linux-x64
362 silly ADD
363 silly ADD
364 silly ADD
365 silly ADD
366 silly ADD
367 silly ADD
368 silly ADD
369 silly ADD
370 silly ADD
371 silly ADD
372 silly ADD
373 silly ADD
374 silly ADD
375 silly ADD
376 silly ADD
377 silly ADD
378 silly ADD
379 silly ADD
380 silly ADD
381 silly ADD
382 silly ADD
383 silly ADD
384 silly ADD node_modules/tsx/node_modules/@esbuild/linux-x64
385 silly ADD
386 silly ADD
387 silly ADD
388 silly ADD
389 silly ADD
390 silly ADD
391 silly ADD
392 silly ADD
393 silly ADD
394 silly ADD
395 silly ADD
396 silly ADD
397 silly ADD
398 silly ADD
399 silly ADD
400 silly ADD
401 silly ADD
402 verbose cwd /home/aboud/personal/quartz
403 verbose os Linux 6.13.4-arch1-1
404 verbose node v23.8.0
405 verbose npm  v11.1.0
406 verbose exit 0
407 info ok
