0 verbose cli /usr/bin/node /usr/lib/node_modules/npm/bin/npm-cli.js
1 info using npm@11.1.0
2 info using node@v23.8.0
3 silly config load:file:/usr/lib/node_modules/npm/npmrc
4 silly config load:file:/home/aboud/personal/quartz/.npmrc
5 silly config load:file:/home/aboud/.config/npm/npmrc
6 silly config load:file:/etc/npmrc
7 verbose title npm exec quartz sync
8 verbose argv "exec" "--" "quartz" "sync"
9 verbose logfile logs-max:10 dir:/home/aboud/personal/quartz/${XDG_STATE_HOME}/npm/logs/2025-02-24T13_45_01_137Z-
10 verbose logfile /home/aboud/personal/quartz/${XDG_STATE_HOME}/npm/logs/2025-02-24T13_45_01_137Z-debug-0.log
11 silly logfile done cleaning log files
12 silly packumentCache heap:4345298944 maxSize:1086324736 maxEntrySize:543162368
13 silly packumentCache heap:4345298944 maxSize:1086324736 maxEntrySize:543162368
14 silly idealTree buildDeps
15 silly placeDep ROOT @jackyzha0/quartz@4.4.0 OK for:  want: file:../../../../../personal/quartz
16 silly reify moves {}
17 silly audit bulk request { '@jackyzha0/quartz': [ '4.4.0' ] }
18 http fetch POST 200 https://registry.npmjs.org/-/npm/v1/security/advisories/bulk 2034ms
19 silly audit report {}
